p/p223.png 1 0 0 50 50
p/p235.png 1 0 0 50 50
p/p247.png 1 0 0 50 50
p/p142.png 1 0 0 50 50
p/p144.png 1 0 0 50 50
p/p145.png 1 0 0 50 50
p/p146.png 1 0 0 50 50
p/p147.png 1 0 0 50 50
p/p148.png 1 0 0 50 50
p/p422.jpg 1 0 0 50 50
p/p430.jpg 1 0 0 50 50
p/p437.jpg 1 0 0 50 50
p/p443.jpg 1 0 0 50 50
p/p455.jpg 1 0 0 50 50
p/p466.jpg 1 0 0 50 50
p/p473.jpg 1 0 0 50 50
p/p475.jpg 1 0 0 50 50
p/p151.png 1 0 0 50 50
p/p153.png 1 0 0 50 50
p/p154.png 1 0 0 50 50
p/p170.png 1 0 0 50 50
p/p171.png 1 0 0 50 50
p/p172.png 1 0 0 50 50
p/p173.png 1 0 0 50 50
p/p175.png 1 0 0 50 50
p/p176.png 1 0 0 50 50
p/p177.png 1 0 0 50 50
p/p178.png 1 0 0 50 50
p/p179.png 1 0 0 50 50
p/p180.png 1 0 0 50 50
p/p181.png 1 0 0 50 50
p/p183.png 1 0 0 50 50
p/p184.png 1 0 0 50 50
p/p185.png 1 0 0 50 50
p/p187.png 1 0 0 50 50
p/p188.png 1 0 0 50 50
p/p189.png 1 0 0 50 50
p/p190.png 1 0 0 50 50
p/p191.png 1 0 0 50 50
p/p193.png 1 0 0 50 50
p/p194.png 1 0 0 50 50
p/p101.png 1 0 0 50 50
p/p113.png 1 0 0 50 50
p/p125.png 1 0 0 50 50
p/p137.png 1 0 0 50 50
p/p14.png 1 0 0 50 50
p/p149.png 1 0 0 50 50
p/p150.png 1 0 0 50 50
p/p161.png 1 0 0 50 50
p/p163.png 1 0 0 50 50
p/p164.png 1 0 0 50 50
p/p165.png 1 0 0 50 50
p/p166.png 1 0 0 50 50
p/p167.png 1 0 0 50 50
p/p168.png 1 0 0 50 50
p/p169.png 1 0 0 50 50
p/p174.png 1 0 0 50 50
p/p182.png 1 0 0 50 50
p/p186.png 1 0 0 50 50
p/p198.png 1 0 0 50 50
p/p2.png 1 0 0 50 50
p/p210.png 1 0 0 50 50
p/p252.png 1 0 0 50 50
p/p254.png 1 0 0 50 50
p/p255.png 1 0 0 50 50
p/p256.png 1 0 0 50 50
p/p257.png 1 0 0 50 50
p/p258.png 1 0 0 50 50
p/p26.png 1 0 0 50 50
p/p260.png 1 0 0 50 50
p/p261.png 1 0 0 50 50
p/p262.png 1 0 0 50 50
p/p264.png 1 0 0 50 50
p/p265.png 1 0 0 50 50
p/p266.png 1 0 0 50 50
p/p267.png 1 0 0 50 50
p/p268.png 1 0 0 50 50
p/p269.png 1 0 0 50 50
p/p27.png 1 0 0 50 50
p/p270.png 1 0 0 50 50
p/p271.png 1 0 0 50 50
p/p274.png 1 0 0 50 50
p/p275.png 1 0 0 50 50
p/p276.png 1 0 0 50 50
p/p277.png 1 0 0 50 50
p/p278.png 1 0 0 50 50
p/p279.png 1 0 0 50 50
p/p280.png 1 0 0 50 50
p/p281.png 1 0 0 50 50
p/p282.png 1 0 0 50 50
p/p284.png 1 0 0 50 50
p/p286.png 1 0 0 50 50
p/p295.png 1 0 0 50 50
p/p296.png 1 0 0 50 50
p/p297.png 1 0 0 50 50
p/p310.png 1 0 0 50 50
p/p323.png 1 0 0 50 50
p/p335.png 1 0 0 50 50
p/p347.png 1 0 0 50 50
p/p368.png 1 0 0 50 50
p/p380.png 1 0 0 50 50
p/p39.png 1 0 0 50 50
p/p392.png 1 0 0 50 50
p/p404.png 1 0 0 50 50
p/p51.png 1 0 0 50 50
p/p61.png 1 0 0 50 50
p/p63.png 1 0 0 50 50
p/p75.png 1 0 0 50 50
p/p87.png 1 0 0 50 50
p/p99.png 1 0 0 50 50
p/p156.png 1 0 0 50 50
p/p157.png 1 0 0 50 50
p/p158.png 1 0 0 50 50
p/p159.png 1 0 0 50 50
p/p160.png 1 0 0 50 50
p/p204.png 1 0 0 50 50
p/p205.png 1 0 0 50 50
p/p206.png 1 0 0 50 50
p/p207.png 1 0 0 50 50
p/p208.png 1 0 0 50 50
p/p209.png 1 0 0 50 50
p/p211.png 1 0 0 50 50
p/p213.png 1 0 0 50 50
p/p214.png 1 0 0 50 50
p/p215.png 1 0 0 50 50
p/p216.png 1 0 0 50 50
p/p217.png 1 0 0 50 50
p/p218.png 1 0 0 50 50
p/p219.png 1 0 0 50 50
p/p220.png 1 0 0 50 50
p/p221.png 1 0 0 50 50
p/p224.png 1 0 0 50 50
p/p225.png 1 0 0 50 50
p/p226.png 1 0 0 50 50
p/p227.png 1 0 0 50 50
p/p228.png 1 0 0 50 50
p/p229.png 1 0 0 50 50
p/p230.png 1 0 0 50 50
p/p231.png 1 0 0 50 50
p/p232.png 1 0 0 50 50
p/p234.png 1 0 0 50 50
p/p236.png 1 0 0 50 50
p/p237.png 1 0 0 50 50
p/p238.png 1 0 0 50 50
p/p239.png 1 0 0 50 50
p/p240.png 1 0 0 50 50
p/p241.png 1 0 0 50 50
p/p242.png 1 0 0 50 50
p/p244.png 1 0 0 50 50
p/p245.png 1 0 0 50 50
p/p246.png 1 0 0 50 50
p/p248.png 1 0 0 50 50
p/p249.png 1 0 0 50 50
p/p250.png 1 0 0 50 50
p/p251.png 1 0 0 50 50
p/p155.png 1 0 0 50 50
p/p195.png 1 0 0 50 50
p/p196.png 1 0 0 50 50
p/p197.png 1 0 0 50 50
p/p199.png 1 0 0 50 50
p/p200.png 1 0 0 50 50
p/p201.png 1 0 0 50 50
p/p203.png 1 0 0 50 50
p/p429.jpg 1 0 0 50 50
p/p431.jpg 1 0 0 50 50
p/p434.jpg 1 0 0 50 50
p/p435.jpg 1 0 0 50 50
p/p436.jpg 1 0 0 50 50
p/p438.jpg 1 0 0 50 50
p/p439.jpg 1 0 0 50 50
p/p440.jpg 1 0 0 50 50
p/p441.jpg 1 0 0 50 50
p/p442.jpg 1 0 0 50 50
p/p444.jpg 1 0 0 50 50
p/p445.jpg 1 0 0 50 50
p/p447.jpg 1 0 0 50 50
p/p448.jpg 1 0 0 50 50
p/p450.jpg 1 0 0 50 50
p/p451.jpg 1 0 0 50 50
p/p452.jpg 1 0 0 50 50
p/p453.jpg 1 0 0 50 50
p/p454.jpg 1 0 0 50 50
p/p456.jpg 1 0 0 50 50
p/p457.jpg 1 0 0 50 50
p/p458.jpg 1 0 0 50 50
p/p1.png 1 0 0 50 50
p/p10.png 1 0 0 50 50
p/p100.png 1 0 0 50 50
p/p102.png 1 0 0 50 50
p/p103.png 1 0 0 50 50
p/p104.png 1 0 0 50 50
p/p105.png 1 0 0 50 50
p/p106.png 1 0 0 50 50
p/p107.png 1 0 0 50 50
p/p108.png 1 0 0 50 50
p/p109.png 1 0 0 50 50
p/p11.png 1 0 0 50 50
p/p110.png 1 0 0 50 50
p/p111.png 1 0 0 50 50
p/p112.png 1 0 0 50 50
p/p114.png 1 0 0 50 50
p/p115.png 1 0 0 50 50
p/p116.png 1 0 0 50 50
p/p117.png 1 0 0 50 50
p/p118.png 1 0 0 50 50
p/p119.png 1 0 0 50 50
p/p12.png 1 0 0 50 50
p/p120.png 1 0 0 50 50
p/p121.png 1 0 0 50 50
p/p122.png 1 0 0 50 50
p/p123.png 1 0 0 50 50
p/p124.png 1 0 0 50 50
p/p126.png 1 0 0 50 50
p/p127.png 1 0 0 50 50
p/p128.png 1 0 0 50 50
p/p129.png 1 0 0 50 50
p/p13.png 1 0 0 50 50
p/p130.png 1 0 0 50 50
p/p131.png 1 0 0 50 50
p/p132.png 1 0 0 50 50
p/p133.png 1 0 0 50 50
p/p134.png 1 0 0 50 50
p/p135.png 1 0 0 50 50
p/p136.png 1 0 0 50 50
p/p138.png 1 0 0 50 50
p/p139.png 1 0 0 50 50
p/p140.png 1 0 0 50 50
p/p141.png 1 0 0 50 50
p/p143.png 1 0 0 50 50
p/p15.png 1 0 0 50 50
p/p152.png 1 0 0 50 50
p/p16.png 1 0 0 50 50
p/p162.png 1 0 0 50 50
p/p17.png 1 0 0 50 50
p/p18.png 1 0 0 50 50
p/p19.png 1 0 0 50 50
p/p192.png 1 0 0 50 50
p/p20.png 1 0 0 50 50
p/p202.png 1 0 0 50 50
p/p21.png 1 0 0 50 50
p/p212.png 1 0 0 50 50
p/p22.png 1 0 0 50 50
p/p222.png 1 0 0 50 50
p/p23.png 1 0 0 50 50
p/p233.png 1 0 0 50 50
p/p24.png 1 0 0 50 50
p/p243.png 1 0 0 50 50
p/p25.png 1 0 0 50 50
p/p253.png 1 0 0 50 50
p/p259.png 1 0 0 50 50
p/p263.png 1 0 0 50 50
p/p272.png 1 0 0 50 50
p/p273.png 1 0 0 50 50
p/p28.png 1 0 0 50 50
p/p283.png 1 0 0 50 50
p/p285.png 1 0 0 50 50
p/p287.png 1 0 0 50 50
p/p288.png 1 0 0 50 50
p/p289.png 1 0 0 50 50
p/p29.png 1 0 0 50 50
p/p290.png 1 0 0 50 50
p/p291.png 1 0 0 50 50
p/p292.png 1 0 0 50 50
p/p293.png 1 0 0 50 50
p/p294.png 1 0 0 50 50
p/p298.png 1 0 0 50 50
p/p299.png 1 0 0 50 50
p/p3.png 1 0 0 50 50
p/p30.png 1 0 0 50 50
p/p300.png 1 0 0 50 50
p/p301.png 1 0 0 50 50
p/p302.png 1 0 0 50 50
p/p303.png 1 0 0 50 50
p/p304.png 1 0 0 50 50
p/p305.png 1 0 0 50 50
p/p306.png 1 0 0 50 50
p/p307.png 1 0 0 50 50
p/p308.png 1 0 0 50 50
p/p309.png 1 0 0 50 50
p/p31.png 1 0 0 50 50
p/p311.png 1 0 0 50 50
p/p312.png 1 0 0 50 50
p/p313.png 1 0 0 50 50
p/p314.png 1 0 0 50 50
p/p315.png 1 0 0 50 50
p/p316.png 1 0 0 50 50
p/p317.png 1 0 0 50 50
p/p318.png 1 0 0 50 50
p/p319.png 1 0 0 50 50
p/p32.png 1 0 0 50 50
p/p320.png 1 0 0 50 50
p/p321.png 1 0 0 50 50
p/p322.png 1 0 0 50 50
p/p324.png 1 0 0 50 50
p/p325.png 1 0 0 50 50
p/p326.png 1 0 0 50 50
p/p327.png 1 0 0 50 50
p/p328.png 1 0 0 50 50
p/p329.png 1 0 0 50 50
p/p33.png 1 0 0 50 50
p/p330.png 1 0 0 50 50
p/p331.png 1 0 0 50 50
p/p332.png 1 0 0 50 50
p/p333.png 1 0 0 50 50
p/p334.png 1 0 0 50 50
p/p336.png 1 0 0 50 50
p/p337.png 1 0 0 50 50
p/p338.png 1 0 0 50 50
p/p339.png 1 0 0 50 50
p/p34.png 1 0 0 50 50
p/p340.png 1 0 0 50 50
p/p341.png 1 0 0 50 50
p/p342.png 1 0 0 50 50
p/p343.png 1 0 0 50 50
p/p344.png 1 0 0 50 50
p/p345.png 1 0 0 50 50
p/p346.png 1 0 0 50 50
p/p348.png 1 0 0 50 50
p/p349.png 1 0 0 50 50
p/p35.png 1 0 0 50 50
p/p350.png 1 0 0 50 50
p/p351.png 1 0 0 50 50
p/p352.png 1 0 0 50 50
p/p353.png 1 0 0 50 50
p/p354.png 1 0 0 50 50
p/p355.png 1 0 0 50 50
p/p356.png 1 0 0 50 50
p/p357.png 1 0 0 50 50
p/p358.png 1 0 0 50 50
p/p359.png 1 0 0 50 50
p/p36.png 1 0 0 50 50
p/p360.png 1 0 0 50 50
p/p361.png 1 0 0 50 50
p/p362.png 1 0 0 50 50
p/p363.png 1 0 0 50 50
p/p364.png 1 0 0 50 50
p/p365.png 1 0 0 50 50
p/p366.png 1 0 0 50 50
p/p367.png 1 0 0 50 50
p/p369.png 1 0 0 50 50
p/p37.png 1 0 0 50 50
p/p370.png 1 0 0 50 50
p/p371.png 1 0 0 50 50
p/p372.png 1 0 0 50 50
p/p373.png 1 0 0 50 50
p/p374.png 1 0 0 50 50
p/p375.png 1 0 0 50 50
p/p376.png 1 0 0 50 50
p/p377.png 1 0 0 50 50
p/p378.png 1 0 0 50 50
p/p379.png 1 0 0 50 50
p/p38.png 1 0 0 50 50
p/p381.png 1 0 0 50 50
p/p382.png 1 0 0 50 50
p/p383.png 1 0 0 50 50
p/p384.png 1 0 0 50 50
p/p385.png 1 0 0 50 50
p/p386.png 1 0 0 50 50
p/p387.png 1 0 0 50 50
p/p388.png 1 0 0 50 50
p/p389.png 1 0 0 50 50
p/p390.png 1 0 0 50 50
p/p391.png 1 0 0 50 50
p/p393.png 1 0 0 50 50
p/p394.png 1 0 0 50 50
p/p395.png 1 0 0 50 50
p/p396.png 1 0 0 50 50
p/p397.png 1 0 0 50 50
p/p398.png 1 0 0 50 50
p/p399.png 1 0 0 50 50
p/p4.png 1 0 0 50 50
p/p40.png 1 0 0 50 50
p/p400.png 1 0 0 50 50
p/p401.png 1 0 0 50 50
p/p402.png 1 0 0 50 50
p/p403.png 1 0 0 50 50
p/p405.png 1 0 0 50 50
p/p406.png 1 0 0 50 50
p/p407.png 1 0 0 50 50
p/p408.png 1 0 0 50 50
p/p409.png 1 0 0 50 50
p/p41.png 1 0 0 50 50
p/p410.png 1 0 0 50 50
p/p411.png 1 0 0 50 50
p/p412.png 1 0 0 50 50
p/p413.png 1 0 0 50 50
p/p414.png 1 0 0 50 50
p/p415.png 1 0 0 50 50
p/p416.jpg 1 0 0 50 50
p/p417.jpg 1 0 0 50 50
p/p418.jpg 1 0 0 50 50
p/p419.jpg 1 0 0 50 50
p/p42.png 1 0 0 50 50
p/p420.jpg 1 0 0 50 50
p/p421.jpg 1 0 0 50 50
p/p423.jpg 1 0 0 50 50
p/p424.jpg 1 0 0 50 50
p/p425.jpg 1 0 0 50 50
p/p426.jpg 1 0 0 50 50
p/p427.jpg 1 0 0 50 50
p/p428.jpg 1 0 0 50 50
p/p43.png 1 0 0 50 50
p/p432.jpg 1 0 0 50 50
p/p433.jpg 1 0 0 50 50
p/p44.png 1 0 0 50 50
p/p446.jpg 1 0 0 50 50
p/p449.jpg 1 0 0 50 50
p/p45.png 1 0 0 50 50
p/p459.jpg 1 0 0 50 50
p/p46.png 1 0 0 50 50
p/p460.jpg 1 0 0 50 50
p/p461.jpg 1 0 0 50 50
p/p462.jpg 1 0 0 50 50
p/p463.jpg 1 0 0 50 50
p/p464.jpg 1 0 0 50 50
p/p465.jpg 1 0 0 50 50
p/p467.jpg 1 0 0 50 50
p/p468.jpg 1 0 0 50 50
p/p469.jpg 1 0 0 50 50
p/p47.png 1 0 0 50 50
p/p470.jpg 1 0 0 50 50
p/p471.jpg 1 0 0 50 50
p/p472.jpg 1 0 0 50 50
p/p474.jpg 1 0 0 50 50
p/p476.jpg 1 0 0 50 50
p/p477.jpg 1 0 0 50 50
p/p478.jpg 1 0 0 50 50
p/p479.jpg 1 0 0 50 50
p/p48.png 1 0 0 50 50
p/p480.jpg 1 0 0 50 50
p/p49.png 1 0 0 50 50
p/p5.png 1 0 0 50 50
p/p50.png 1 0 0 50 50
p/p52.png 1 0 0 50 50
p/p53.png 1 0 0 50 50
p/p54.png 1 0 0 50 50
p/p55.png 1 0 0 50 50
p/p56.png 1 0 0 50 50
p/p57.png 1 0 0 50 50
p/p58.png 1 0 0 50 50
p/p59.png 1 0 0 50 50
p/p6.png 1 0 0 50 50
p/p60.png 1 0 0 50 50
p/p62.png 1 0 0 50 50
p/p64.png 1 0 0 50 50
p/p65.png 1 0 0 50 50
p/p66.png 1 0 0 50 50
p/p67.png 1 0 0 50 50
p/p68.png 1 0 0 50 50
p/p69.png 1 0 0 50 50
p/p7.png 1 0 0 50 50
p/p70.png 1 0 0 50 50
p/p71.png 1 0 0 50 50
p/p72.png 1 0 0 50 50
p/p73.png 1 0 0 50 50
p/p74.png 1 0 0 50 50
p/p76.png 1 0 0 50 50
p/p77.png 1 0 0 50 50
p/p78.png 1 0 0 50 50
p/p79.png 1 0 0 50 50
p/p8.png 1 0 0 50 50
p/p80.png 1 0 0 50 50
p/p81.png 1 0 0 50 50
p/p82.png 1 0 0 50 50
p/p83.png 1 0 0 50 50
p/p84.png 1 0 0 50 50
p/p85.png 1 0 0 50 50
p/p86.png 1 0 0 50 50
p/p88.png 1 0 0 50 50
p/p89.png 1 0 0 50 50
p/p9.png 1 0 0 50 50
p/p90.png 1 0 0 50 50
p/p91.png 1 0 0 50 50
p/p92.png 1 0 0 50 50
p/p93.png 1 0 0 50 50
p/p94.png 1 0 0 50 50
p/p95.png 1 0 0 50 50
p/p96.png 1 0 0 50 50
p/p97.png 1 0 0 50 50
p/p98.png 1 0 0 50 50